::1 - - [01/Dec/2016:17:25:42 +0000] "GET /images/pages/landing-pages/section3.png HTTP/1.1" 404 -
::1 - - [01/Dec/2016:17:25:42 +0000] "GET /images/pages/landing-pages/mobile/locations_map.jpg HTTP/1.1" 404 -
::1 - - [01/Dec/2016:17:25:42 +0000] "GET /images/pages/landing-pages/simpleSearch.jpg HTTP/1.1" 404 -
::1 - - [01/Dec/2016:17:25:42 +0000] "GET /images/pages/landing-pages/review.jpg HTTP/1.1" 404 -
::1 - - [01/Dec/2016:17:25:42 +0000] "GET /images/pages/landing-pages/tablet/locations_map.jpg HTTP/1.1" 404 -
::1 - - [01/Dec/2016:17:25:42 +0000] "GET /images/pages/landing-pages/tablet/simpleSearch.jpg HTTP/1.1" 404 -
::1 - - [01/Dec/2016:17:25:52 +0000] "GET /images/pages/landing-pages/section3.png HTTP/1.1" 404 -
::1 - - [01/Dec/2016:17:25:52 +0000] "GET /images/pages/landing-pages/mobile/locations_map.jpg HTTP/1.1" 404 -
::1 - - [01/Dec/2016:17:25:52 +0000] "GET /images/pages/landing-pages/simpleSearch.jpg HTTP/1.1" 404 -
::1 - - [01/Dec/2016:17:25:52 +0000] "GET /images/pages/landing-pages/review.jpg HTTP/1.1" 404 -
::1 - - [01/Dec/2016:20:08:24 +0000] "GET /critical.css HTTP/1.1" 404 -
::1 - - [01/Dec/2016:20:08:24 +0000] "GET /deferred.css HTTP/1.1" 404 -
::1 - - [01/Dec/2016:20:08:26 +0000] "GET /javascript/featherlight.min.js HTTP/1.1" 404 -
::1 - - [01/Dec/2016:20:08:26 +0000] "GET /javascript/featherlight.gallery.min.js HTTP/1.1" 404 -
::1 - - [01/Dec/2016:20:08:26 +0000] "GET /javascript/jquery.ui.widget.min.js HTTP/1.1" 404 -
::1 - - [01/Dec/2016:20:08:26 +0000] "GET /deferred.css HTTP/1.1" 404 -
::1 - - [01/Dec/2016:20:08:26 +0000] "GET /assets/logo.png HTTP/1.1" 404 -
::1 - - [01/Dec/2016:20:09:01 +0000] "GET /critical.css HTTP/1.1" 404 -
::1 - - [01/Dec/2016:20:09:01 +0000] "GET /deferred.css HTTP/1.1" 404 -
::1 - - [01/Dec/2016:20:09:03 +0000] "GET /javascript/featherlight.min.js HTTP/1.1" 404 -
::1 - - [01/Dec/2016:20:09:03 +0000] "GET /javascript/featherlight.gallery.min.js HTTP/1.1" 404 -
::1 - - [01/Dec/2016:20:09:03 +0000] "GET /javascript/jquery.ui.widget.min.js HTTP/1.1" 404 -
::1 - - [01/Dec/2016:20:09:03 +0000] "GET /deferred.css HTTP/1.1" 404 -
::1 - - [01/Dec/2016:20:09:03 +0000] "GET /assets/logo.png HTTP/1.1" 404 -
::1 - - [01/Dec/2016:20:10:47 +0000] "GET /javascript/jquery.ui.widget.min.js HTTP/1.1" 404 -
::1 - - [01/Dec/2016:20:10:54 +0000] "GET /favicon.ico HTTP/1.1" 404 -
::1 - - [01/Dec/2016:20:13:02 +0000] "GET /javascript/jquery.ui.widget.min.js HTTP/1.1" 404 -
::1 - - [01/Dec/2016:20:14:26 +0000] "GET /assets/javascript/jquery.ui.widget.min.js HTTP/1.1" 404 -
::1 - - [01/Dec/2016:20:14:38 +0000] "GET /critical.css HTTP/1.1" 404 -
::1 - - [01/Dec/2016:20:14:38 +0000] "GET /deferred.css HTTP/1.1" 404 -
::1 - - [01/Dec/2016:20:14:40 +0000] "GET /deferred.css HTTP/1.1" 404 -
::1 - - [01/Dec/2016:20:14:40 +0000] "GET /assets/logo.png HTTP/1.1" 404 -
::1 - - [01/Dec/2016:20:48:36 +0000] "GET /critical.css HTTP/1.1" 404 -
::1 - - [01/Dec/2016:20:48:36 +0000] "GET /deferred.css HTTP/1.1" 404 -
::1 - - [01/Dec/2016:20:48:38 +0000] "GET /deferred.css HTTP/1.1" 404 -
::1 - - [01/Dec/2016:20:48:38 +0000] "GET /assets/logo.png HTTP/1.1" 404 -
::1 - - [01/Dec/2016:20:50:52 +0000] "GET /critical.css HTTP/1.1" 404 -
::1 - - [01/Dec/2016:20:50:52 +0000] "GET /deferred.css HTTP/1.1" 404 -
::1 - - [01/Dec/2016:20:50:54 +0000] "GET /deferred.css HTTP/1.1" 404 -
::1 - - [01/Dec/2016:20:50:54 +0000] "GET /assets/logo.png HTTP/1.1" 404 -
::1 - - [01/Dec/2016:20:52:49 +0000] "GET /critical.css HTTP/1.1" 404 -
::1 - - [01/Dec/2016:20:52:49 +0000] "GET /deferred.css HTTP/1.1" 404 -
::1 - - [01/Dec/2016:20:52:49 +0000] "GET /deferred.css HTTP/1.1" 404 -
::1 - - [01/Dec/2016:20:52:49 +0000] "GET /assets/logo.png HTTP/1.1" 404 -
::1 - - [01/Dec/2016:20:54:59 +0000] "GET /critical.css HTTP/1.1" 404 -
::1 - - [01/Dec/2016:20:54:59 +0000] "GET /deferred.css HTTP/1.1" 404 -
::1 - - [01/Dec/2016:20:55:01 +0000] "GET /deferred.css HTTP/1.1" 404 -
::1 - - [01/Dec/2016:20:55:01 +0000] "GET /assets/logo.png HTTP/1.1" 404 -
::1 - - [01/Dec/2016:21:07:16 +0000] "GET /critical.css HTTP/1.1" 404 -
::1 - - [01/Dec/2016:21:07:16 +0000] "GET /deferred.css HTTP/1.1" 404 -
::1 - - [01/Dec/2016:21:07:18 +0000] "GET /deferred.css HTTP/1.1" 404 -
::1 - - [01/Dec/2016:21:07:18 +0000] "GET /assets/logo.png HTTP/1.1" 404 -
::1 - - [01/Dec/2016:21:07:36 +0000] "GET /critical.css HTTP/1.1" 404 -
::1 - - [01/Dec/2016:21:07:36 +0000] "GET /deferred.css HTTP/1.1" 404 -
::1 - - [01/Dec/2016:21:07:36 +0000] "GET /deferred.css HTTP/1.1" 404 -
::1 - - [01/Dec/2016:21:07:36 +0000] "GET /assets/logo.png HTTP/1.1" 404 -
::1 - - [01/Dec/2016:21:21:06 +0000] "GET /critical.css HTTP/1.1" 404 -
::1 - - [01/Dec/2016:21:21:06 +0000] "GET /deferred.css HTTP/1.1" 404 -
::1 - - [01/Dec/2016:21:21:08 +0000] "GET /deferred.css HTTP/1.1" 404 -
::1 - - [01/Dec/2016:21:21:08 +0000] "GET /assets/logo.png HTTP/1.1" 404 -
::1 - - [01/Dec/2016:21:28:33 +0000] "GET /critical.css HTTP/1.1" 404 -
::1 - - [01/Dec/2016:21:28:33 +0000] "GET /deferred.css HTTP/1.1" 404 -
::1 - - [01/Dec/2016:21:28:34 +0000] "GET /deferred.css HTTP/1.1" 404 -
::1 - - [01/Dec/2016:21:28:35 +0000] "GET /assets/logo.png HTTP/1.1" 404 -
::1 - - [01/Dec/2016:21:28:38 +0000] "GET /critical.css HTTP/1.1" 404 -
::1 - - [01/Dec/2016:21:28:38 +0000] "GET /deferred.css HTTP/1.1" 404 -
::1 - - [01/Dec/2016:21:28:40 +0000] "GET /deferred.css HTTP/1.1" 404 -
::1 - - [01/Dec/2016:21:28:40 +0000] "GET /assets/logo.png HTTP/1.1" 404 -
::1 - - [01/Dec/2016:21:28:50 +0000] "GET /critical.css HTTP/1.1" 404 -
::1 - - [01/Dec/2016:21:28:50 +0000] "GET /deferred.css HTTP/1.1" 404 -
::1 - - [01/Dec/2016:21:28:50 +0000] "GET /assets/logo.png HTTP/1.1" 404 -
::1 - - [01/Dec/2016:21:28:50 +0000] "GET /assets/logo.png HTTP/1.1" 404 -
::1 - - [01/Dec/2016:21:28:50 +0000] "GET /critical.css HTTP/1.1" 404 -
::1 - - [01/Dec/2016:21:28:50 +0000] "GET /deferred.css HTTP/1.1" 404 -
::1 - - [01/Dec/2016:21:28:51 +0000] "GET /deferred.css HTTP/1.1" 404 -
::1 - - [01/Dec/2016:21:28:51 +0000] "GET /assets/logo.png HTTP/1.1" 404 -
::1 - - [01/Dec/2016:21:39:04 +0000] "GET /critical.css HTTP/1.1" 404 -
::1 - - [01/Dec/2016:21:39:04 +0000] "GET /deferred.css HTTP/1.1" 404 -
::1 - - [01/Dec/2016:21:39:06 +0000] "GET /assets/logo.png HTTP/1.1" 404 -
::1 - - [01/Dec/2016:21:57:25 +0000] "GET /critical.css HTTP/1.1" 404 -
::1 - - [01/Dec/2016:21:57:25 +0000] "GET /deferred.css HTTP/1.1" 404 -
::1 - - [01/Dec/2016:21:57:36 +0000] "GET /assets/logo.png HTTP/1.1" 404 -
::1 - - [01/Dec/2016:21:59:54 +0000] "GET /critical.css HTTP/1.1" 404 -
::1 - - [01/Dec/2016:21:59:54 +0000] "GET /deferred.css HTTP/1.1" 404 -
::1 - - [01/Dec/2016:21:59:56 +0000] "GET /assets/logo.png HTTP/1.1" 404 -
::1 - - [01/Dec/2016:21:59:56 +0000] "GET /deferred.css HTTP/1.1" 404 -
::1 - - [01/Dec/2016:22:00:12 +0000] "GET /critical.css HTTP/1.1" 404 -
::1 - - [01/Dec/2016:22:00:12 +0000] "GET /deferred.css HTTP/1.1" 404 -
::1 - - [01/Dec/2016:22:00:12 +0000] "GET /deferred.css HTTP/1.1" 404 -
::1 - - [01/Dec/2016:22:00:12 +0000] "GET /assets/logo.png HTTP/1.1" 404 -
::1 - - [01/Dec/2016:22:00:31 +0000] "GET /critical.css HTTP/1.1" 404 -
::1 - - [01/Dec/2016:22:00:31 +0000] "GET /deferred.css HTTP/1.1" 404 -
::1 - - [01/Dec/2016:22:00:31 +0000] "GET /assets/logo.png HTTP/1.1" 404 -
::1 - - [01/Dec/2016:22:00:31 +0000] "GET /deferred.css HTTP/1.1" 404 -
::1 - - [01/Dec/2016:23:03:50 +0000] "GET /critical.css HTTP/1.1" 404 -
::1 - - [01/Dec/2016:23:03:50 +0000] "GET /deferred.css HTTP/1.1" 404 -
::1 - - [01/Dec/2016:23:03:53 +0000] "GET /deferred.css HTTP/1.1" 404 -
::1 - - [02/Dec/2016:03:47:29 +0000] "GET /critical.css HTTP/1.1" 404 -
::1 - - [02/Dec/2016:03:47:31 +0000] "GET /deferred.css HTTP/1.1" 404 -
::1 - - [02/Dec/2016:03:49:03 +0000] "GET /main.bundle.js HTTP/1.1" 404 -
::1 - - [02/Dec/2016:04:00:13 +0000] "GET /deferred.css.map HTTP/1.1" 404 -
::1 - - [02/Dec/2016:04:38:37 +0000] "GET /deferred.css.map HTTP/1.1" 404 -
::1 - - [02/Dec/2016:04:42:31 +0000] "GET /deferred.css.map HTTP/1.1" 404 -
::1 - - [02/Dec/2016:05:03:01 +0000] "GET /deferred.css.map HTTP/1.1" 404 -
::1 - - [02/Dec/2016:14:57:43 +0000] "GET /account/dashboard HTTP/1.1" 404 -
::1 - - [02/Dec/2016:16:48:33 +0000] "GET /critical.css HTTP/1.1" 404 -
::1 - - [02/Dec/2016:16:48:36 +0000] "GET /deferred.css HTTP/1.1" 404 -
::1 - - [02/Dec/2016:16:48:56 +0000] "GET /deferred.css HTTP/1.1" 404 -
::1 - - [02/Dec/2016:16:48:57 +0000] "GET /critical.css HTTP/1.1" 404 -
::1 - - [02/Dec/2016:17:07:39 +0000] "GET /deferredcss HTTP/1.1" 404 -
::1 - - [02/Dec/2016:17:09:56 +0000] "GET /cape-girardeau/2834-independence-st HTTP/1.1" 404 -
::1 - - [02/Dec/2016:19:12:31 +0000] "GET /cape-girardeau/1945-delwin-st HTTP/1.1" 404 -
::1 - - [02/Dec/2016:19:25:17 +0000] "GET /cape-girardeau/1945-delwin-st HTTP/1.1" 404 -
::1 - - [02/Dec/2016:19:25:49 +0000] "GET /account/super HTTP/1.1" 404 -
::1 - - [02/Dec/2016:19:32:16 +0000] "GET /account/super HTTP/1.1" 404 -
